24-05-12.00:45:01.152 [Retail_HikariCP housekeeper] WARN  HikariPool             - Retail_HikariCP - Thread starvation or clock leap detected (housekeeper delta=1h39m36s44ms812µs700ns).
24-05-12.00:45:01.151 [Retail_HikariCP housekeeper] WARN  HikariPool             - Retail_HikariCP - Thread starvation or clock leap detected (housekeeper delta=1h40m6s700ms698µs).
24-05-12.00:45:01.151 [Retail_HikariCP housekeeper] WARN  HikariPool             - Retail_HikariCP - Thread starvation or clock leap detected (housekeeper delta=1h40m6s700ms374µs600ns).
24-05-12.00:45:01.150 [main            ] ERROR RaffleActivityController - 日历签到返利失败 userId:xiaofuge
24-05-12.00:45:01.168 [scheduling-1    ] INFO  UpdateAwardStockJob    - 定时任务，更新奖品消耗库存【延迟队列获取，降低对数据库的更新频次，不要产生竞争】
24-05-12.00:45:01.351 [org.springframework.amqp.rabbit.RabbitListenerEndpointContainer#0-2] INFO  SimpleMessageListenerContainer - Waiting for workers to finish.
24-05-12.00:45:01.351 [org.springframework.amqp.rabbit.RabbitListenerEndpointContainer#0-2] INFO  SimpleMessageListenerContainer - Successfully waited for workers to finish.
24-05-12.00:45:01.352 [org.springframework.amqp.rabbit.RabbitListenerEndpointContainer#1-2] INFO  SimpleMessageListenerContainer - Waiting for workers to finish.
24-05-12.00:45:01.352 [org.springframework.amqp.rabbit.RabbitListenerEndpointContainer#1-2] INFO  SimpleMessageListenerContainer - Successfully waited for workers to finish.
24-05-12.00:45:01.352 [org.springframework.amqp.rabbit.RabbitListenerEndpointContainer#2-2] INFO  SimpleMessageListenerContainer - Waiting for workers to finish.
24-05-12.00:45:01.354 [org.springframework.amqp.rabbit.RabbitListenerEndpointContainer#2-2] INFO  SimpleMessageListenerContainer - Successfully waited for workers to finish.
24-05-12.00:45:01.363 [SpringApplicationShutdownHook] INFO  SimpleMessageListenerContainer - Shutdown ignored - container is already stopped
24-05-12.00:45:01.365 [SpringApplicationShutdownHook] INFO  SimpleMessageListenerContainer - Shutdown ignored - container is already stopped
24-05-12.00:45:01.365 [SpringApplicationShutdownHook] INFO  SimpleMessageListenerContainer - Shutdown ignored - container is already stopped
24-05-12.00:46:32.041 [main            ] INFO  BehaviorRebateServiceTest - Starting BehaviorRebateServiceTest using Java 1.8.0_202 on shy with PID 5772 (started by 30642 in D:\code\shy-big-market\shy-big-market-app)
24-05-12.00:46:32.042 [main            ] INFO  BehaviorRebateServiceTest - The following 1 profile is active: "dev"
24-05-12.00:46:33.086 [main            ] INFO  RepositoryConfigurationDelegate - Multiple Spring Data modules found, entering strict repository configuration mode
24-05-12.00:46:33.089 [main            ] INFO  RepositoryConfigurationDelegate - Bootstrapping Spring Data Redis repositories in DEFAULT mode.
24-05-12.00:46:33.141 [main            ] INFO  RepositoryConfigurationDelegate - Finished Spring Data repository scanning in 37 ms. Found 0 Redis repository interfaces.
24-05-12.00:46:35.708 [main            ] INFO  Version                - Redisson 3.23.4
24-05-12.00:46:36.485 [redisson-netty-2-4] INFO  MasterPubSubConnectionPool - 1 connections initialized for 127.0.0.1/127.0.0.1:6379
24-05-12.00:46:36.507 [redisson-netty-2-13] INFO  MasterConnectionPool   - 5 connections initialized for 127.0.0.1/127.0.0.1:6379
24-05-12.00:46:39.702 [main            ] INFO  EndpointLinksResolver  - Exposing 1 endpoint(s) beneath base path '/actuator'
24-05-12.00:46:39.796 [main            ] INFO  CachingConnectionFactory - Attempting to connect to: [127.0.0.1:5672]
24-05-12.00:46:39.853 [main            ] INFO  CachingConnectionFactory - Created new connection: rabbitConnectionFactory#8b670c0:0/SimpleConnection@278cb145 [delegate=amqp://shy@127.0.0.1:5672/, localPort= 50910]
24-05-12.00:46:39.986 [main            ] INFO  BehaviorRebateServiceTest - Started BehaviorRebateServiceTest in 8.407 seconds (JVM running for 9.316)
24-05-12.00:46:40.032 [scheduling-1    ] INFO  UpdateAwardStockJob    - 定时任务，更新奖品消耗库存【延迟队列获取，降低对数据库的更新频次，不要产生竞争】
24-05-12.00:46:40.040 [pool-3-thread-1 ] INFO  HikariDataSource       - Retail_HikariCP - Starting...
24-05-12.00:46:40.040 [pool-3-thread-2 ] INFO  HikariDataSource       - Retail_HikariCP - Starting...
24-05-12.00:46:40.270 [main            ] INFO  RaffleActivityController - 日历签到返利开始 userId:xiaofuge
24-05-12.00:46:40.278 [main            ] INFO  HikariDataSource       - Retail_HikariCP - Starting...
24-05-12.00:46:40.365 [pool-3-thread-1 ] INFO  HikariDataSource       - Retail_HikariCP - Start completed.
24-05-12.00:46:40.365 [pool-3-thread-2 ] INFO  HikariDataSource       - Retail_HikariCP - Start completed.
24-05-12.00:46:40.366 [main            ] INFO  HikariDataSource       - Retail_HikariCP - Start completed.
24-05-12.00:46:40.493 [main            ] ERROR RaffleActivityController - 日历签到返利失败 userId:xiaofuge
24-05-12.00:46:40.785 [main            ] INFO  BehaviorRebateServiceTest - 测试结果：{"code":"0001","data":false,"info":"调用失败"}
24-05-12.00:46:40.812 [org.springframework.amqp.rabbit.RabbitListenerEndpointContainer#0-2] INFO  SimpleMessageListenerContainer - Waiting for workers to finish.
24-05-12.00:46:40.815 [org.springframework.amqp.rabbit.RabbitListenerEndpointContainer#1-2] INFO  SimpleMessageListenerContainer - Waiting for workers to finish.
24-05-12.00:46:40.818 [org.springframework.amqp.rabbit.RabbitListenerEndpointContainer#2-2] INFO  SimpleMessageListenerContainer - Waiting for workers to finish.
24-05-12.00:46:40.961 [org.springframework.amqp.rabbit.RabbitListenerEndpointContainer#1-2] INFO  SimpleMessageListenerContainer - Successfully waited for workers to finish.
24-05-12.00:46:40.961 [org.springframework.amqp.rabbit.RabbitListenerEndpointContainer#0-2] INFO  SimpleMessageListenerContainer - Successfully waited for workers to finish.
24-05-12.00:46:40.974 [org.springframework.amqp.rabbit.RabbitListenerEndpointContainer#2-2] INFO  SimpleMessageListenerContainer - Successfully waited for workers to finish.
24-05-12.00:46:40.978 [SpringApplicationShutdownHook] INFO  SimpleMessageListenerContainer - Shutdown ignored - container is already stopped
24-05-12.00:46:40.979 [SpringApplicationShutdownHook] INFO  SimpleMessageListenerContainer - Shutdown ignored - container is already stopped
24-05-12.00:46:40.979 [SpringApplicationShutdownHook] INFO  SimpleMessageListenerContainer - Shutdown ignored - container is already stopped
24-05-12.00:47:27.536 [main            ] INFO  BehaviorRebateServiceTest - Starting BehaviorRebateServiceTest using Java 1.8.0_202 on shy with PID 17864 (started by 30642 in D:\code\shy-big-market\shy-big-market-app)
24-05-12.00:47:27.537 [main            ] INFO  BehaviorRebateServiceTest - The following 1 profile is active: "dev"
24-05-12.00:47:28.605 [main            ] INFO  RepositoryConfigurationDelegate - Multiple Spring Data modules found, entering strict repository configuration mode
24-05-12.00:47:28.608 [main            ] INFO  RepositoryConfigurationDelegate - Bootstrapping Spring Data Redis repositories in DEFAULT mode.
24-05-12.00:47:28.654 [main            ] INFO  RepositoryConfigurationDelegate - Finished Spring Data repository scanning in 32 ms. Found 0 Redis repository interfaces.
24-05-12.00:47:31.072 [main            ] INFO  Version                - Redisson 3.23.4
24-05-12.00:47:31.922 [redisson-netty-2-5] INFO  MasterPubSubConnectionPool - 1 connections initialized for 127.0.0.1/127.0.0.1:6379
24-05-12.00:47:31.943 [redisson-netty-2-13] INFO  MasterConnectionPool   - 5 connections initialized for 127.0.0.1/127.0.0.1:6379
24-05-12.00:47:35.674 [main            ] INFO  EndpointLinksResolver  - Exposing 1 endpoint(s) beneath base path '/actuator'
24-05-12.00:47:35.787 [main            ] INFO  CachingConnectionFactory - Attempting to connect to: [127.0.0.1:5672]
24-05-12.00:47:35.861 [main            ] INFO  CachingConnectionFactory - Created new connection: rabbitConnectionFactory#39109603:0/SimpleConnection@35b38986 [delegate=amqp://shy@127.0.0.1:5672/, localPort= 51128]
24-05-12.00:47:36.010 [main            ] INFO  BehaviorRebateServiceTest - Started BehaviorRebateServiceTest in 9.023 seconds (JVM running for 10.467)
24-05-12.00:47:36.316 [main            ] INFO  RaffleActivityController - 日历签到返利开始 userId:xiaofuge
24-05-12.00:47:36.354 [main            ] INFO  HikariDataSource       - Retail_HikariCP - Starting...
24-05-12.00:47:36.716 [main            ] INFO  HikariDataSource       - Retail_HikariCP - Start completed.
24-05-12.00:47:49.996 [main            ] INFO  HikariDataSource       - Retail_HikariCP - Starting...
24-05-12.00:47:50.024 [main            ] INFO  HikariDataSource       - Retail_HikariCP - Start completed.
24-05-12.00:49:00.821 [Retail_HikariCP housekeeper] WARN  HikariPool             - Retail_HikariCP - Thread starvation or clock leap detected (housekeeper delta=1m54s105ms73µs100ns).
24-05-12.00:49:00.835 [Retail_HikariCP housekeeper] WARN  HikariPool             - Retail_HikariCP - Thread starvation or clock leap detected (housekeeper delta=1m40s811ms319µs600ns).
24-05-12.00:49:00.919 [scheduling-1    ] INFO  UpdateAwardStockJob    - 定时任务，更新奖品消耗库存【延迟队列获取，降低对数据库的更新频次，不要产生竞争】
24-05-12.00:49:00.922 [main            ] ERROR RaffleActivityController - 日历签到返利失败 userId:xiaofuge
24-05-12.00:49:00.951 [pool-3-thread-2 ] INFO  HikariDataSource       - Retail_HikariCP - Starting...
24-05-12.00:49:00.975 [org.springframework.amqp.rabbit.RabbitListenerEndpointContainer#0-2] INFO  SimpleMessageListenerContainer - Waiting for workers to finish.
24-05-12.00:49:00.980 [org.springframework.amqp.rabbit.RabbitListenerEndpointContainer#1-2] INFO  SimpleMessageListenerContainer - Waiting for workers to finish.
24-05-12.00:49:00.983 [org.springframework.amqp.rabbit.RabbitListenerEndpointContainer#2-2] INFO  SimpleMessageListenerContainer - Waiting for workers to finish.
24-05-12.00:49:01.009 [pool-3-thread-2 ] INFO  HikariDataSource       - Retail_HikariCP - Start completed.
24-05-12.00:49:01.306 [main            ] INFO  BehaviorRebateServiceTest - 测试结果：{"code":"0001","data":false,"info":"调用失败"}
24-05-12.00:49:01.829 [org.springframework.amqp.rabbit.RabbitListenerEndpointContainer#1-2] INFO  SimpleMessageListenerContainer - Successfully waited for workers to finish.
24-05-12.00:49:01.842 [org.springframework.amqp.rabbit.RabbitListenerEndpointContainer#2-2] INFO  SimpleMessageListenerContainer - Successfully waited for workers to finish.
24-05-12.00:49:01.842 [org.springframework.amqp.rabbit.RabbitListenerEndpointContainer#0-2] INFO  SimpleMessageListenerContainer - Successfully waited for workers to finish.
24-05-12.00:49:01.847 [SpringApplicationShutdownHook] INFO  SimpleMessageListenerContainer - Shutdown ignored - container is already stopped
24-05-12.00:49:01.847 [SpringApplicationShutdownHook] INFO  SimpleMessageListenerContainer - Shutdown ignored - container is already stopped
24-05-12.00:49:01.847 [SpringApplicationShutdownHook] INFO  SimpleMessageListenerContainer - Shutdown ignored - container is already stopped
24-05-12.00:49:09.245 [main            ] INFO  BehaviorRebateServiceTest - Starting BehaviorRebateServiceTest using Java 1.8.0_202 on shy with PID 3272 (started by 30642 in D:\code\shy-big-market\shy-big-market-app)
24-05-12.00:49:09.246 [main            ] INFO  BehaviorRebateServiceTest - The following 1 profile is active: "dev"
24-05-12.00:49:10.260 [main            ] INFO  RepositoryConfigurationDelegate - Multiple Spring Data modules found, entering strict repository configuration mode
24-05-12.00:49:10.264 [main            ] INFO  RepositoryConfigurationDelegate - Bootstrapping Spring Data Redis repositories in DEFAULT mode.
24-05-12.00:49:10.322 [main            ] INFO  RepositoryConfigurationDelegate - Finished Spring Data repository scanning in 39 ms. Found 0 Redis repository interfaces.
24-05-12.00:49:12.765 [main            ] INFO  Version                - Redisson 3.23.4
24-05-12.00:49:13.544 [redisson-netty-2-4] INFO  MasterPubSubConnectionPool - 1 connections initialized for 127.0.0.1/127.0.0.1:6379
24-05-12.00:49:13.565 [redisson-netty-2-13] INFO  MasterConnectionPool   - 5 connections initialized for 127.0.0.1/127.0.0.1:6379
24-05-12.00:49:16.879 [main            ] INFO  EndpointLinksResolver  - Exposing 1 endpoint(s) beneath base path '/actuator'
24-05-12.00:49:16.983 [main            ] INFO  CachingConnectionFactory - Attempting to connect to: [127.0.0.1:5672]
24-05-12.00:49:17.082 [main            ] INFO  CachingConnectionFactory - Created new connection: rabbitConnectionFactory#8b670c0:0/SimpleConnection@351c6341 [delegate=amqp://shy@127.0.0.1:5672/, localPort= 51357]
24-05-12.00:49:17.187 [main            ] INFO  BehaviorRebateServiceTest - Started BehaviorRebateServiceTest in 8.468 seconds (JVM running for 9.426)
24-05-12.00:49:17.452 [main            ] INFO  RaffleActivityController - 日历签到返利开始 userId:xiaofuge
24-05-12.00:49:17.479 [main            ] INFO  HikariDataSource       - Retail_HikariCP - Starting...
24-05-12.00:49:17.775 [main            ] INFO  HikariDataSource       - Retail_HikariCP - Start completed.
24-05-12.00:49:17.823 [main            ] INFO  HikariDataSource       - Retail_HikariCP - Starting...
24-05-12.00:49:17.852 [main            ] INFO  HikariDataSource       - Retail_HikariCP - Start completed.
24-05-12.00:49:18.293 [main            ] INFO  EventPublisher         - 发送MQ消息 topic:send_rebate message:{"data":{"bizId":"xiaofuge_sku_20240512","rebateConfig":"9011","rebateType":"sign","userId":"xiaofuge"},"id":"81619064503","timestamp":1715446157817}
24-05-12.00:49:18.329 [main            ] INFO  EventPublisher         - 发送MQ消息 topic:send_rebate message:{"data":{"bizId":"xiaofuge_integral_20240512","rebateConfig":"10","rebateType":"sign","userId":"xiaofuge"},"id":"11883355534","timestamp":1715446157820}
24-05-12.00:49:18.358 [org.springframework.amqp.rabbit.RabbitListenerEndpointContainer#1-1] INFO  RebateMessageCustomer  - 监听用户行为返利消息 - 非sku奖励暂时不处理 topic: send_rebate message: {"data":{"bizId":"xiaofuge_sku_20240512","rebateConfig":"9011","rebateType":"sign","userId":"xiaofuge"},"id":"81619064503","timestamp":1715446157817}
24-05-12.00:49:18.359 [main            ] INFO  RaffleActivityController - 日历签到返利完成 userId:xiaofuge orderIds: ["386169798236","998111931395"]
24-05-12.00:49:18.363 [main            ] INFO  BehaviorRebateServiceTest - 测试结果：{"code":"0000","data":true,"info":"调用成功"}
24-05-12.00:49:18.370 [org.springframework.amqp.rabbit.RabbitListenerEndpointContainer#1-1] INFO  RebateMessageCustomer  - 监听用户行为返利消息 - 非sku奖励暂时不处理 topic: send_rebate message: {"data":{"bizId":"xiaofuge_integral_20240512","rebateConfig":"10","rebateType":"sign","userId":"xiaofuge"},"id":"11883355534","timestamp":1715446157820}
24-05-12.00:49:18.379 [org.springframework.amqp.rabbit.RabbitListenerEndpointContainer#0-2] INFO  SimpleMessageListenerContainer - Waiting for workers to finish.
24-05-12.00:49:18.380 [org.springframework.amqp.rabbit.RabbitListenerEndpointContainer#1-2] INFO  SimpleMessageListenerContainer - Waiting for workers to finish.
24-05-12.00:49:18.381 [org.springframework.amqp.rabbit.RabbitListenerEndpointContainer#2-2] INFO  SimpleMessageListenerContainer - Waiting for workers to finish.
24-05-12.00:49:19.170 [org.springframework.amqp.rabbit.RabbitListenerEndpointContainer#0-2] INFO  SimpleMessageListenerContainer - Successfully waited for workers to finish.
24-05-12.00:49:19.182 [org.springframework.amqp.rabbit.RabbitListenerEndpointContainer#2-2] INFO  SimpleMessageListenerContainer - Successfully waited for workers to finish.
24-05-12.00:49:19.384 [org.springframework.amqp.rabbit.RabbitListenerEndpointContainer#1-2] INFO  SimpleMessageListenerContainer - Successfully waited for workers to finish.
24-05-12.00:49:19.388 [SpringApplicationShutdownHook] INFO  SimpleMessageListenerContainer - Shutdown ignored - container is already stopped
24-05-12.00:49:19.389 [SpringApplicationShutdownHook] INFO  SimpleMessageListenerContainer - Shutdown ignored - container is already stopped
24-05-12.00:49:19.389 [SpringApplicationShutdownHook] INFO  SimpleMessageListenerContainer - Shutdown ignored - container is already stopped
24-05-12.00:52:26.351 [main            ] INFO  BehaviorRebateServiceTest - Starting BehaviorRebateServiceTest using Java 1.8.0_202 on shy with PID 11340 (started by 30642 in D:\code\shy-big-market\shy-big-market-app)
24-05-12.00:52:26.361 [main            ] INFO  BehaviorRebateServiceTest - The following 1 profile is active: "dev"
24-05-12.00:52:27.402 [main            ] INFO  RepositoryConfigurationDelegate - Multiple Spring Data modules found, entering strict repository configuration mode
24-05-12.00:52:27.405 [main            ] INFO  RepositoryConfigurationDelegate - Bootstrapping Spring Data Redis repositories in DEFAULT mode.
24-05-12.00:52:27.468 [main            ] INFO  RepositoryConfigurationDelegate - Finished Spring Data repository scanning in 44 ms. Found 0 Redis repository interfaces.
24-05-12.00:52:29.882 [main            ] INFO  Version                - Redisson 3.23.4
24-05-12.00:52:30.809 [redisson-netty-2-4] INFO  MasterPubSubConnectionPool - 1 connections initialized for 127.0.0.1/127.0.0.1:6379
24-05-12.00:52:30.827 [redisson-netty-2-13] INFO  MasterConnectionPool   - 5 connections initialized for 127.0.0.1/127.0.0.1:6379
24-05-12.00:52:34.379 [main            ] INFO  EndpointLinksResolver  - Exposing 1 endpoint(s) beneath base path '/actuator'
24-05-12.00:52:34.495 [main            ] INFO  CachingConnectionFactory - Attempting to connect to: [127.0.0.1:5672]
24-05-12.00:52:34.567 [main            ] INFO  CachingConnectionFactory - Created new connection: rabbitConnectionFactory#22fb9a2c:0/SimpleConnection@2aa0feb2 [delegate=amqp://shy@127.0.0.1:5672/, localPort= 51898]
24-05-12.00:52:34.687 [main            ] INFO  BehaviorRebateServiceTest - Started BehaviorRebateServiceTest in 8.877 seconds (JVM running for 10.178)
24-05-12.00:52:34.971 [main            ] INFO  RaffleActivityController - 日历签到返利开始 userId:xiaofuge
24-05-12.00:52:35.003 [main            ] INFO  HikariDataSource       - Retail_HikariCP - Starting...
24-05-12.00:52:35.013 [pool-3-thread-1 ] INFO  HikariDataSource       - Retail_HikariCP - Starting...
24-05-12.00:52:35.014 [pool-3-thread-2 ] INFO  HikariDataSource       - Retail_HikariCP - Starting...
24-05-12.00:52:35.388 [pool-3-thread-2 ] INFO  HikariDataSource       - Retail_HikariCP - Start completed.
24-05-12.00:52:35.388 [pool-3-thread-1 ] INFO  HikariDataSource       - Retail_HikariCP - Start completed.
24-05-12.00:52:35.389 [main            ] INFO  HikariDataSource       - Retail_HikariCP - Start completed.
24-05-12.00:52:35.515 [main            ] ERROR RaffleActivityController - 日历签到返利失败 userId:xiaofuge
24-05-12.00:52:35.826 [main            ] INFO  BehaviorRebateServiceTest - 测试结果：{"code":"0001","data":false,"info":"调用失败"}
24-05-12.00:52:35.857 [org.springframework.amqp.rabbit.RabbitListenerEndpointContainer#0-2] INFO  SimpleMessageListenerContainer - Waiting for workers to finish.
24-05-12.00:52:35.860 [org.springframework.amqp.rabbit.RabbitListenerEndpointContainer#1-2] INFO  SimpleMessageListenerContainer - Waiting for workers to finish.
24-05-12.00:52:35.866 [org.springframework.amqp.rabbit.RabbitListenerEndpointContainer#2-2] INFO  SimpleMessageListenerContainer - Waiting for workers to finish.
24-05-12.00:52:36.653 [org.springframework.amqp.rabbit.RabbitListenerEndpointContainer#0-2] INFO  SimpleMessageListenerContainer - Successfully waited for workers to finish.
24-05-12.00:52:36.665 [org.springframework.amqp.rabbit.RabbitListenerEndpointContainer#1-2] INFO  SimpleMessageListenerContainer - Successfully waited for workers to finish.
24-05-12.00:52:36.730 [org.springframework.amqp.rabbit.RabbitListenerEndpointContainer#2-2] INFO  SimpleMessageListenerContainer - Successfully waited for workers to finish.
24-05-12.00:52:36.734 [SpringApplicationShutdownHook] INFO  SimpleMessageListenerContainer - Shutdown ignored - container is already stopped
24-05-12.00:52:36.735 [SpringApplicationShutdownHook] INFO  SimpleMessageListenerContainer - Shutdown ignored - container is already stopped
24-05-12.00:52:36.735 [SpringApplicationShutdownHook] INFO  SimpleMessageListenerContainer - Shutdown ignored - container is already stopped
